<?xml version="1.0" encoding="UTF-8"?>
<!-- Generated by org.testng.reporters.JUnitXMLReporter -->
<testsuite hostname="DESKTOP-I9J8FTE" ignored="0" name="SiteManager Chrome Test" tests="2" failures="0" timestamp="2021-04-29T22:54:53 CDT" time="35.794" errors="0">
  <testcase name="checkCartFunctionality" time="0.007" classname="com.selenium.automation.Automation_Framework.testcases.CheckCartFunctionality"/>
  <testcase name="verifyZipCode" time="27.442" classname="com.selenium.automation.Automation_Framework.testcases.VerifyZipCode"/>
</testsuite> <!-- SiteManager Chrome Test -->
