<?xml version="1.0" encoding="UTF-8"?>
<!-- Generated by org.testng.reporters.JUnitXMLReporter -->
<testsuite hostname="CAL3180" ignored="0" name="Default test" tests="5" failures="0" timestamp="2022-06-09T18:10:50 IST" time="328.302" errors="0">
  <testcase name="loginToEPIQ" time="80.075" classname="com.Automation.Testcases.MST_Batch_TC"/>
  <testcase name="loginToEPIQ" time="50.734" classname="com.Automation.Testcases.MST_Batch_TC"/>
  <testcase name="batchStatusChangeInActive" time="56.023" classname="com.Automation.Testcases.MST_Batch_TC"/>
  <testcase name="batchStatusChangeActive" time="55.663" classname="com.Automation.Testcases.MST_Batch_TC"/>
  <testcase name="batchStatusChangePermanentActive" time="54.511" classname="com.Automation.Testcases.MST_Batch_TC"/>
</testsuite> <!-- Default test -->
