<?xml version="1.0" encoding="UTF-8"?>
<!-- Generated by org.testng.reporters.JUnitXMLReporter -->
<testsuite hostname="cal4013" name="EPICPrerequisties" tests="12" failures="0" timestamp="2 Nov 2021 09:52:02 GMT" time="7.644" errors="0">
  <testcase name="@BeforeTest setup" time="0.0" classname="com.Automation.Testcases.EPICPrerequisties">
    <failure type="io.github.bonigarcia.wdm.config.WebDriverManagerException" message="io.github.bonigarcia.wdm.config.WebDriverManagerException: io.github.bonigarcia.wdm.config.WebDriverManagerException: Error HTTP 401 executing https://chromedriver.storage.googleapis.com/">
      <![CDATA[io.github.bonigarcia.wdm.config.WebDriverManagerException: io.github.bonigarcia.wdm.config.WebDriverManagerException: io.github.bonigarcia.wdm.config.WebDriverManagerException: Error HTTP 401 executing https://chromedriver.storage.googleapis.com/
	at io.github.bonigarcia.wdm.WebDriverManager.handleException(WebDriverManager.java:776)
	at io.github.bonigarcia.wdm.WebDriverManager.manage(WebDriverManager.java:573)
	at io.github.bonigarcia.wdm.WebDriverManager.fallback(WebDriverManager.java:792)
	at io.github.bonigarcia.wdm.WebDriverManager.handleException(WebDriverManager.java:773)
	at io.github.bonigarcia.wdm.WebDriverManager.manage(WebDriverManager.java:573)
	at io.github.bonigarcia.wdm.WebDriverManager.handleException(WebDriverManager.java:766)
	at io.github.bonigarcia.wdm.WebDriverManager.manage(WebDriverManager.java:573)
	at io.github.bonigarcia.wdm.WebDriverManager.setup(WebDriverManager.java:287)
	at com.Automation.Base.TestEngine.setup(TestEngine.java:131)
Caused by: io.github.bonigarcia.wdm.config.WebDriverManagerException: io.github.bonigarcia.wdm.config.WebDriverManagerException: Error HTTP 401 executing https://chromedriver.storage.googleapis.com/
	at io.github.bonigarcia.wdm.WebDriverManager.getDriversFromXml(WebDriverManager.java:915)
	at io.github.bonigarcia.wdm.managers.ChromeDriverManager.getDriverUrls(ChromeDriverManager.java:101)
	at io.github.bonigarcia.wdm.WebDriverManager.createUrlHandler(WebDriverManager.java:797)
	at io.github.bonigarcia.wdm.WebDriverManager.download(WebDriverManager.java:649)
	at io.github.bonigarcia.wdm.WebDriverManager.manage(WebDriverManager.java:567)
	... 29 more
Caused by: io.github.bonigarcia.wdm.config.WebDriverManagerException: Error HTTP 401 executing https://chromedriver.storage.googleapis.com/
	at io.github.bonigarcia.wdm.online.HttpClient.execute(HttpClient.java:153)
	at io.github.bonigarcia.wdm.WebDriverManager.getDriversFromXml(WebDriverManager.java:900)
	... 33 more
... Removed 22 stack frames]]>
    </failure>
  </testcase> <!-- @BeforeTest setup -->
  <testcase name="@AfterMethod getResult" time="0.0" classname="com.Automation.Testcases.EPICPrerequisties">
    <failure type="java.lang.NullPointerException">
      <![CDATA[java.lang.NullPointerException
]]>
    </failure>
  </testcase> <!-- @AfterMethod getResult -->
  <testcase name="@AfterMethod getResult" time="0.0" classname="com.Automation.Testcases.EPICPrerequisties">
    <failure type="java.lang.NullPointerException">
      <![CDATA[java.lang.NullPointerException
]]>
    </failure>
  </testcase> <!-- @AfterMethod getResult -->
  <testcase name="@AfterMethod getResult" time="0.0" classname="com.Automation.Testcases.EPICPrerequisties">
    <failure type="java.lang.NullPointerException">
      <![CDATA[java.lang.NullPointerException
]]>
    </failure>
  </testcase> <!-- @AfterMethod getResult -->
  <testcase name="@AfterMethod getResult" time="0.0" classname="com.Automation.Testcases.EPICPrerequisties">
    <failure type="java.lang.NullPointerException">
      <![CDATA[java.lang.NullPointerException
]]>
    </failure>
  </testcase> <!-- @AfterMethod getResult -->
  <testcase name="@AfterMethod getResult" time="0.0" classname="com.Automation.Testcases.EPICPrerequisties">
    <failure type="java.lang.NullPointerException">
      <![CDATA[java.lang.NullPointerException
]]>
    </failure>
  </testcase> <!-- @AfterMethod getResult -->
  <testcase name="@AfterMethod getResult" time="0.0" classname="com.Automation.Testcases.EPICPrerequisties">
    <failure type="java.lang.NullPointerException">
      <![CDATA[java.lang.NullPointerException
]]>
    </failure>
  </testcase> <!-- @AfterMethod getResult -->
  <testcase name="@AfterMethod getResult" time="0.0" classname="com.Automation.Testcases.EPICPrerequisties">
    <failure type="java.lang.NullPointerException">
      <![CDATA[java.lang.NullPointerException
]]>
    </failure>
  </testcase> <!-- @AfterMethod getResult -->
  <testcase name="@AfterMethod getResult" time="0.0" classname="com.Automation.Testcases.EPICPrerequisties">
    <failure type="java.lang.NullPointerException">
      <![CDATA[java.lang.NullPointerException
]]>
    </failure>
  </testcase> <!-- @AfterMethod getResult -->
  <testcase name="@AfterMethod getResult" time="0.0" classname="com.Automation.Testcases.EPICPrerequisties">
    <failure type="java.lang.NullPointerException">
      <![CDATA[java.lang.NullPointerException
]]>
    </failure>
  </testcase> <!-- @AfterMethod getResult -->
  <testcase name="@AfterMethod getResult" time="0.0" classname="com.Automation.Testcases.EPICPrerequisties">
    <failure type="java.lang.NullPointerException">
      <![CDATA[java.lang.NullPointerException
]]>
    </failure>
  </testcase> <!-- @AfterMethod getResult -->
  <testcase name="@AfterMethod getResult" time="0.0" classname="com.Automation.Testcases.EPICPrerequisties">
    <failure type="java.lang.NullPointerException">
      <![CDATA[java.lang.NullPointerException
]]>
    </failure>
  </testcase> <!-- @AfterMethod getResult -->
  <testcase name="@AfterMethod getResult" time="0.0" classname="com.Automation.Testcases.EPICPrerequisties">
    <failure type="java.lang.NullPointerException">
      <![CDATA[java.lang.NullPointerException
]]>
    </failure>
  </testcase> <!-- @AfterMethod getResult -->
  <testcase name="SubgroupRegistration" time="0.01" classname="com.Automation.Testcases.EPICPrerequisties">
    <skipped/>
  </testcase> <!-- SubgroupRegistration -->
  <testcase name="GroupRegistration" time="0.016" classname="com.Automation.Testcases.EPICPrerequisties">
    <skipped/>
  </testcase> <!-- GroupRegistration -->
  <testcase name="jobResponsbilityRegistration" time="0.01" classname="com.Automation.Testcases.EPICPrerequisties">
    <skipped/>
  </testcase> <!-- jobResponsbilityRegistration -->
  <testcase name="SubGroupAssignReg" time="0.008" classname="com.Automation.Testcases.EPICPrerequisties">
    <skipped/>
  </testcase> <!-- SubGroupAssignReg -->
  <testcase name="DocumentReg" time="0.01" classname="com.Automation.Testcases.EPICPrerequisties">
    <skipped/>
  </testcase> <!-- DocumentReg -->
  <testcase name="DepReg" time="0.011" classname="com.Automation.Testcases.EPICPrerequisties">
    <skipped/>
  </testcase> <!-- DepReg -->
  <testcase name="CourseManagerInitiate_Topic" time="0.009" classname="com.Automation.Testcases.EPICPrerequisties">
    <skipped/>
  </testcase> <!-- CourseManagerInitiate_Topic -->
  <testcase name="CourseManagerInitiate_Course" time="0.009" classname="com.Automation.Testcases.EPICPrerequisties">
    <skipped/>
  </testcase> <!-- CourseManagerInitiate_Course -->
  <testcase name="CourseSessiononlineInternalClassAllcombinations_Yes" time="0.009" classname="com.Automation.Testcases.EPICPrerequisties">
    <skipped/>
  </testcase> <!-- CourseSessiononlineInternalClassAllcombinations_Yes -->
  <testcase name="BatchFormation" time="0.006" classname="com.Automation.Testcases.EPICPrerequisties">
    <skipped/>
  </testcase> <!-- BatchFormation -->
  <testcase name="PrepareMQA" time="0.006" classname="com.Automation.Testcases.EPICPrerequisties">
    <skipped/>
  </testcase> <!-- PrepareMQA -->
  <testcase name="PrepareQp_Manual" time="0.006" classname="com.Automation.Testcases.EPICPrerequisties">
    <skipped/>
  </testcase> <!-- PrepareQp_Manual -->
</testsuite> <!-- EPICPrerequisties -->
