<?xml version="1.0" encoding="UTF-8"?>
<!-- Generated by org.testng.reporters.JUnitXMLReporter -->
<testsuite hostname="SANDEEP" ignored="0" name="CCPositiveFlowTestCase" tests="26" failures="0" timestamp="27 Jan 2022 13:37:18 GMT" time="2293.36" errors="0">
  <testcase name="loginToEPIQ" time="184.522" classname="com.Automation.Testcases.CCPositiveFlowTestCase"/>
  <testcase name="ccIHODLgn" time="91.635" classname="com.Automation.Testcases.CCPositiveFlowTestCase"/>
  <testcase name="ccReinit" time="92.417" classname="com.Automation.Testcases.CCPositiveFlowTestCase"/>
  <testcase name="ccIHODApprovalLgn" time="173.663" classname="com.Automation.Testcases.CCPositiveFlowTestCase"/>
  <testcase name="ccQAReviewLgn" time="91.062" classname="com.Automation.Testcases.CCPositiveFlowTestCase"/>
  <testcase name="ccAgainReinit" time="85.658" classname="com.Automation.Testcases.CCPositiveFlowTestCase"/>
  <testcase name="ccAgainIHODApprovalLgn" time="92.779" classname="com.Automation.Testcases.CCPositiveFlowTestCase"/>
  <testcase name="ccQAReviewApprovalLgn" time="101.994" classname="com.Automation.Testcases.CCPositiveFlowTestCase"/>
  <testcase name="verifyDoc" time="37.637" classname="com.Automation.Testcases.CCPositiveFlowTestCase"/>
  <testcase name="ccOTD" time="61.331" classname="com.Automation.Testcases.CCPositiveFlowTestCase"/>
  <testcase name="ccQAD" time="85.165" classname="com.Automation.Testcases.CCPositiveFlowTestCase"/>
  <testcase name="VerificationClosure" time="38.383" classname="com.Automation.Testcases.CCPositiveFlowTestCase"/>
  <testcase name="docLgnReturnAtReviwer" time="73.694" classname="com.Automation.Testcases.CCPositiveFlowTestCase"/>
  <testcase name="docLgnReinitiate" time="72.872" classname="com.Automation.Testcases.CCPositiveFlowTestCase"/>
  <testcase name="docLgnReview" time="67.81" classname="com.Automation.Testcases.CCPositiveFlowTestCase"/>
  <testcase name="docLgnApproveReturn" time="73.945" classname="com.Automation.Testcases.CCPositiveFlowTestCase"/>
  <testcase name="docLgnAgainReintiate" time="71.505" classname="com.Automation.Testcases.CCPositiveFlowTestCase"/>
  <testcase name="docLgnAgainReview" time="66.005" classname="com.Automation.Testcases.CCPositiveFlowTestCase"/>
  <testcase name="docLgnApproval" time="71.165" classname="com.Automation.Testcases.CCPositiveFlowTestCase"/>
  <testcase name="docTaskAllocation" time="106.794" classname="com.Automation.Testcases.CCPositiveFlowTestCase"/>
  <testcase name="docExecution" time="69.72" classname="com.Automation.Testcases.CCPositiveFlowTestCase"/>
  <testcase name="docClousure" time="79.543" classname="com.Automation.Testcases.CCPositiveFlowTestCase"/>
  <testcase name="ccClousureInitiate" time="78.106" classname="com.Automation.Testcases.CCPositiveFlowTestCase"/>
  <testcase name="ccClousureReturn" time="75.549" classname="com.Automation.Testcases.CCPositiveFlowTestCase"/>
  <testcase name="ccClousureReInitiate" time="79.093" classname="com.Automation.Testcases.CCPositiveFlowTestCase"/>
  <testcase name="ccClousureApprove" time="78.625" classname="com.Automation.Testcases.CCPositiveFlowTestCase"/>
</testsuite> <!-- CCPositiveFlowTestCase -->
