<?xml version="1.0" encoding="UTF-8"?>
<!-- Generated by org.testng.reporters.JUnitXMLReporter -->
<testsuite hostname="SANDEEP" ignored="0" name="CCSelectiveReturnTestCase" tests="19" failures="0" timestamp="27 Jan 2022 14:13:02 GMT" time="2141.121" errors="0">
  <testcase name="loginToEPIQ" time="238.415" classname="com.Automation.Testcases.CCSelectiveReturnTestCase"/>
  <testcase name="CCHodRev" time="195.184" classname="com.Automation.Testcases.CCSelectiveReturnTestCase"/>
  <testcase name="ccQAReviewApprovalLgn" time="109.861" classname="com.Automation.Testcases.CCSelectiveReturnTestCase"/>
  <testcase name="ccOTDSelectiveReturn" time="90.33" classname="com.Automation.Testcases.CCSelectiveReturnTestCase"/>
  <testcase name="CCLgnReReview" time="98.937" classname="com.Automation.Testcases.CCSelectiveReturnTestCase"/>
  <testcase name="CCLgnReAprroval" time="94.647" classname="com.Automation.Testcases.CCSelectiveReturnTestCase"/>
  <testcase name="ccOTD" time="65.297" classname="com.Automation.Testcases.CCSelectiveReturnTestCase"/>
  <testcase name="ccQADSelectiveReturn" time="75.916" classname="com.Automation.Testcases.CCSelectiveReturnTestCase"/>
  <testcase name="CCLgnAgnReview" time="115.695" classname="com.Automation.Testcases.CCSelectiveReturnTestCase"/>
  <testcase name="CCLgnAgnAprroval" time="103.592" classname="com.Automation.Testcases.CCSelectiveReturnTestCase"/>
  <testcase name="ccAgnOTD" time="84.672" classname="com.Automation.Testcases.CCSelectiveReturnTestCase"/>
  <testcase name="ccQAD" time="107.318" classname="com.Automation.Testcases.CCSelectiveReturnTestCase"/>
  <testcase name="docLgnReview" time="78.204" classname="com.Automation.Testcases.CCSelectiveReturnTestCase"/>
  <testcase name="docLgnApproval" time="91.033" classname="com.Automation.Testcases.CCSelectiveReturnTestCase"/>
  <testcase name="docTaskAllocation" time="108.428" classname="com.Automation.Testcases.CCSelectiveReturnTestCase"/>
  <testcase name="docExecution" time="77.054" classname="com.Automation.Testcases.CCSelectiveReturnTestCase"/>
  <testcase name="docClousure" time="51.537" classname="com.Automation.Testcases.CCSelectiveReturnTestCase"/>
  <testcase name="ccClousureInitiate" time="71.352" classname="com.Automation.Testcases.CCSelectiveReturnTestCase"/>
  <testcase name="ccClousureApprove" time="83.554" classname="com.Automation.Testcases.CCSelectiveReturnTestCase"/>
</testsuite> <!-- CCSelectiveReturnTestCase -->
