<?xml version="1.0" encoding="UTF-8"?>
<!-- Generated by org.testng.reporters.JUnitXMLReporter -->
<testsuite hostname="SANDEEP" ignored="1" name="DemoTestCase" tests="2" failures="0" timestamp="19 Jan 2022 11:21:24 GMT" time="65.04" errors="0">
  <testcase name="ccOTDSelectiveReturn" time="21.984" classname="com.Automation.Testcases.DemoTestCase"/>
  <testcase name="cc_OTDSelectiveReturn" time="16.208" classname="com.Automation.Testcases.DemoTestCase"/>
  <testcase name="doc" time="0.0" classname="com.Automation.Testcases.DemoTestCase">
    <ignored/>
  </testcase> <!-- doc -->
</testsuite> <!-- DemoTestCase -->
