-------------------------------------------------------------------------------
Test set: TestSuite
-------------------------------------------------------------------------------
Tests run: 13, Failures: 12, Errors: 0, Skipped: 0, Time elapsed: 593.719 s <<< FAILURE! - in TestSuite
SubgroupRegistration(com.Automation.Testcases.EPICPrerequisties)  Time elapsed: 8.064 s  <<< FAILURE!
org.openqa.selenium.NoSuchSessionException: 
Session ID is null. Using WebDriver after calling quit()?
Build info: version: '3.4.0', revision: 'unknown', time: 'unknown'
System info: host: 'CAL4013', ip: '10.10.4.13', os.name: 'Windows 10', os.arch: 'amd64', os.version: '10.0', java.version: '1.8.0_221'
Driver info: driver.version: RemoteWebDriver
	at com.Automation.Testcases.EPICPrerequisties.SubgroupRegistration(EPICPrerequisties.java:156)

GroupRegistration(com.Automation.Testcases.EPICPrerequisties)  Time elapsed: 2.015 s  <<< FAILURE!
org.openqa.selenium.NoSuchSessionException: 
Session ID is null. Using WebDriver after calling quit()?
Build info: version: '3.4.0', revision: 'unknown', time: 'unknown'
System info: host: 'CAL4013', ip: '10.10.4.13', os.name: 'Windows 10', os.arch: 'amd64', os.version: '10.0', java.version: '1.8.0_221'
Driver info: driver.version: RemoteWebDriver
	at com.Automation.Testcases.EPICPrerequisties.GroupRegistration(EPICPrerequisties.java:170)

jobResponsbilityRegistration(com.Automation.Testcases.EPICPrerequisties)  Time elapsed: 0.01 s  <<< FAILURE!
org.openqa.selenium.NoSuchSessionException: 
Session ID is null. Using WebDriver after calling quit()?
Build info: version: '3.4.0', revision: 'unknown', time: 'unknown'
System info: host: 'CAL4013', ip: '10.10.4.13', os.name: 'Windows 10', os.arch: 'amd64', os.version: '10.0', java.version: '1.8.0_221'
Driver info: driver.version: RemoteWebDriver
	at com.Automation.Testcases.EPICPrerequisties.jobResponsbilityRegistration(EPICPrerequisties.java:185)

SubGroupAssignReg(com.Automation.Testcases.EPICPrerequisties)  Time elapsed: 8.031 s  <<< FAILURE!
org.openqa.selenium.NoSuchSessionException: 
Session ID is null. Using WebDriver after calling quit()?
Build info: version: '3.4.0', revision: 'unknown', time: 'unknown'
System info: host: 'CAL4013', ip: '10.10.4.13', os.name: 'Windows 10', os.arch: 'amd64', os.version: '10.0', java.version: '1.8.0_221'
Driver info: driver.version: RemoteWebDriver
	at com.Automation.Testcases.EPICPrerequisties.SubGroupAssignReg(EPICPrerequisties.java:210)

DocumentReg(com.Automation.Testcases.EPICPrerequisties)  Time elapsed: 10.048 s  <<< FAILURE!
org.openqa.selenium.NoSuchSessionException: 
Session ID is null. Using WebDriver after calling quit()?
Build info: version: '3.4.0', revision: 'unknown', time: 'unknown'
System info: host: 'CAL4013', ip: '10.10.4.13', os.name: 'Windows 10', os.arch: 'amd64', os.version: '10.0', java.version: '1.8.0_221'
Driver info: driver.version: RemoteWebDriver
	at com.Automation.Testcases.EPICPrerequisties.DocumentReg(EPICPrerequisties.java:227)

DepReg(com.Automation.Testcases.EPICPrerequisties)  Time elapsed: 8.043 s  <<< FAILURE!
org.openqa.selenium.NoSuchSessionException: 
Session ID is null. Using WebDriver after calling quit()?
Build info: version: '3.4.0', revision: 'unknown', time: 'unknown'
System info: host: 'CAL4013', ip: '10.10.4.13', os.name: 'Windows 10', os.arch: 'amd64', os.version: '10.0', java.version: '1.8.0_221'
Driver info: driver.version: RemoteWebDriver
	at com.Automation.Testcases.EPICPrerequisties.DepReg(EPICPrerequisties.java:243)

CourseManagerInitiate_Topic(com.Automation.Testcases.EPICPrerequisties)  Time elapsed: 6.05 s  <<< FAILURE!
org.openqa.selenium.NoSuchSessionException: 
Session ID is null. Using WebDriver after calling quit()?
Build info: version: '3.4.0', revision: 'unknown', time: 'unknown'
System info: host: 'CAL4013', ip: '10.10.4.13', os.name: 'Windows 10', os.arch: 'amd64', os.version: '10.0', java.version: '1.8.0_221'
Driver info: driver.version: RemoteWebDriver
	at com.Automation.Testcases.EPICPrerequisties.CourseManagerInitiate_Topic(EPICPrerequisties.java:261)

CourseManagerInitiate_Course(com.Automation.Testcases.EPICPrerequisties)  Time elapsed: 8.041 s  <<< FAILURE!
org.openqa.selenium.NoSuchSessionException: 
Session ID is null. Using WebDriver after calling quit()?
Build info: version: '3.4.0', revision: 'unknown', time: 'unknown'
System info: host: 'CAL4013', ip: '10.10.4.13', os.name: 'Windows 10', os.arch: 'amd64', os.version: '10.0', java.version: '1.8.0_221'
Driver info: driver.version: RemoteWebDriver
	at com.Automation.Testcases.EPICPrerequisties.CourseManagerInitiate_Course(EPICPrerequisties.java:283)

CourseSessiononlineInternalClassAllcombinations_Yes(com.Automation.Testcases.EPICPrerequisties)  Time elapsed: 2.014 s  <<< FAILURE!
org.openqa.selenium.NoSuchSessionException: 
Session ID is null. Using WebDriver after calling quit()?
Build info: version: '3.4.0', revision: 'unknown', time: 'unknown'
System info: host: 'CAL4013', ip: '10.10.4.13', os.name: 'Windows 10', os.arch: 'amd64', os.version: '10.0', java.version: '1.8.0_221'
Driver info: driver.version: RemoteWebDriver
	at com.Automation.Testcases.EPICPrerequisties.CourseSessiononlineInternalClassAllcombinations_Yes(EPICPrerequisties.java:321)

BatchFormation(com.Automation.Testcases.EPICPrerequisties)  Time elapsed: 2.02 s  <<< FAILURE!
org.openqa.selenium.NoSuchSessionException: 
Session ID is null. Using WebDriver after calling quit()?
Build info: version: '3.4.0', revision: 'unknown', time: 'unknown'
System info: host: 'CAL4013', ip: '10.10.4.13', os.name: 'Windows 10', os.arch: 'amd64', os.version: '10.0', java.version: '1.8.0_221'
Driver info: driver.version: RemoteWebDriver
	at com.Automation.Testcases.EPICPrerequisties.BatchFormation(EPICPrerequisties.java:337)

PrepareMQA(com.Automation.Testcases.EPICPrerequisties)  Time elapsed: 8.046 s  <<< FAILURE!
org.openqa.selenium.NoSuchSessionException: 
Session ID is null. Using WebDriver after calling quit()?
Build info: version: '3.4.0', revision: 'unknown', time: 'unknown'
System info: host: 'CAL4013', ip: '10.10.4.13', os.name: 'Windows 10', os.arch: 'amd64', os.version: '10.0', java.version: '1.8.0_221'
Driver info: driver.version: RemoteWebDriver
	at com.Automation.Testcases.EPICPrerequisties.PrepareMQA(EPICPrerequisties.java:351)

PrepareQp_Manual(com.Automation.Testcases.EPICPrerequisties)  Time elapsed: 0.012 s  <<< FAILURE!
org.openqa.selenium.NoSuchSessionException: 
Session ID is null. Using WebDriver after calling quit()?
Build info: version: '3.4.0', revision: 'unknown', time: 'unknown'
System info: host: 'CAL4013', ip: '10.10.4.13', os.name: 'Windows 10', os.arch: 'amd64', os.version: '10.0', java.version: '1.8.0_221'
Driver info: driver.version: RemoteWebDriver
	at com.Automation.Testcases.EPICPrerequisties.PrepareQp_Manual(EPICPrerequisties.java:366)

