<?xml version="1.0" encoding="UTF-8"?>
<!-- Generated by org.testng.reporters.JUnitXMLReporter -->
<testsuite hostname="cal4013" name="CourseManagerInitiate_Course Chrome Test" tests="1" failures="1" timestamp="5 May 2021 05:07:48 GMT" time="30.952" errors="0">
  <testcase name="CourseManagerInitiate_Course" time="21.833" classname="com.selenium.automation.Automation_Framework.testcases.CourseManagerInitiate_Course">
    <failure type="java.lang.NullPointerException">
      <![CDATA[java.lang.NullPointerException
	at org.openqa.selenium.support.pagefactory.DefaultElementLocator.findElement(DefaultElementLocator.java:69)
	at org.openqa.selenium.support.pagefactory.internal.LocatingElementHandler.invoke(LocatingElementHandler.java:38)
	at com.sun.proxy.$Proxy7.isDisplayed(Unknown Source)
	at org.openqa.selenium.support.ui.ExpectedConditions.elementIfVisible(ExpectedConditions.java:302)
	at org.openqa.selenium.support.ui.ExpectedConditions.access$100(ExpectedConditions.java:44)
	at org.openqa.selenium.support.ui.ExpectedConditions$10.apply(ExpectedConditions.java:288)
	at org.openqa.selenium.support.ui.ExpectedConditions$10.apply(ExpectedConditions.java:285)
	at org.openqa.selenium.support.ui.FluentWait.until(FluentWait.java:209)
	at com.selenium.automation.Automation_Framework.testbase.ActionEngine.waitForElementVisibile(ActionEngine.java:90)
	at com.selenium.automation.Automation_Framework.testbase.ActionEngine.click(ActionEngine.java:49)
	at com.selenium.automation.Automation_Framework.pages.CourseManager_Initiate_Course.courseReg(CourseManager_Initiate_Course.java:199)
	at com.selenium.automation.Automation_Framework.testcases.CourseManagerInitiate_Course.CourseManagerInitiate_Course(CourseManagerInitiate_Course.java:35)
... Removed 24 stack frames]]>
    </failure>
  </testcase> <!-- CourseManagerInitiate_Course -->
</testsuite> <!-- CourseManagerInitiate_Course Chrome Test -->
