<?xml version="1.0" encoding="UTF-8"?>
<!-- Generated by org.testng.reporters.JUnitXMLReporter -->
<testsuite hostname="cal4013" name="CourseManagerInitiate_Topic Chrome Test" tests="1" failures="1" timestamp="5 May 2021 14:25:55 GMT" time="1.785" errors="0">
  <testcase name="CourseManagerInitiate_Topic" time="1.237" classname="com.selenium.automation.Automation_Framework.testcases.CourseManagerInitiate_Topic">
    <failure type="org.testng.TestNGException" message="
The data provider is trying to pass 5 parameters but the method com.selenium.automation.Automation_Framework.testcases.CourseManagerInitiate_Topic#CourseManagerInitiate_Topic takes 6 and TestNG is unable in inject a suitable object">
      <![CDATA[org.testng.TestNGException: 
The data provider is trying to pass 5 parameters but the method com.selenium.automation.Automation_Framework.testcases.CourseManagerInitiate_Topic#CourseManagerInitiate_Topic takes 6 and TestNG is unable in inject a suitable object
Caused by: java.lang.ArrayIndexOutOfBoundsException: 5
	... 17 more
... Removed 19 stack frames]]>
    </failure>
  </testcase> <!-- CourseManagerInitiate_Topic -->
</testsuite> <!-- CourseManagerInitiate_Topic Chrome Test -->
