<?xml version="1.0" encoding="UTF-8"?>
<!-- Generated by org.testng.reporters.JUnitXMLReporter -->
<testsuite hostname="cal4013" name="verifyApplicationLoginFunctionality Chrome Test" tests="1" failures="0" timestamp="6 May 2021 06:30:36 GMT" time="31.306" errors="0">
  <testcase name="verifyApplicationLoginFunctionality" time="26.054" classname="com.selenium.automation.Automation_Framework.testcases.VerifyApplicationLoginFunctionality"/>
</testsuite> <!-- verifyApplicationLoginFunctionality Chrome Test -->
